<?xml version="1.0" encoding="UTF-8"?>
<!-- Generated by org.testng.reporters.JUnitReportReporter -->
<testsuite hostname="shaily" failures="0" tests="1" name="com.utility.TestDemo" time="0.007" errors="0" timestamp="2022-11-08T11:18:18 EST" skipped="0">
  <testcase classname="com.utility.TestDemo" name="test" time="0.007"/>
  <system-out/>
</testsuite> <!-- com.utility.TestDemo -->
