<?xml version="1.0" encoding="UTF-8"?>
<!-- Generated by org.testng.reporters.JUnitReportReporter -->
<testsuite hostname="shaily" failures="0" tests="1" name="installApkWithJavaCode.installApkSwitchCase" time="1.830" errors="0" timestamp="2022-11-08T10:10:20 EST" skipped="0">
  <testcase classname="installApkWithJavaCode.installApkSwitchCase" name="intall_apk" time="1.830"/>
  <system-out/>
</testsuite> <!-- installApkWithJavaCode.installApkSwitchCase -->
