<?xml version="1.0" encoding="UTF-8"?>
<!-- Generated by org.testng.reporters.JUnitReportReporter -->
<testsuite hostname="shaily" failures="0" tests="4" name="com.TestcaseExcution.LoginExcutionSecondWay" time="20.062" errors="0" timestamp="2022-11-13T19:52:55 EST" skipped="0">
  <testcase classname="com.TestcaseExcution.LoginExcutionSecondWay" name="startServer" time="1.799"/>
  <system-out/>
  <testcase classname="com.TestcaseExcution.LoginExcutionSecondWay" name="lauchApk" time="11.343"/>
  <system-out/>
  <testcase classname="com.TestcaseExcution.LoginExcutionSecondWay" name="CheckLogin_ValidCredentials" time="6.859"/>
  <system-out/>
  <testcase classname="com.TestcaseExcution.LoginExcutionSecondWay" name="serverStoped" time="0.061"/>
  <system-out/>
</testsuite> <!-- com.TestcaseExcution.LoginExcutionSecondWay -->
