<?xml version="1.0" encoding="UTF-8"?>
<!-- Generated by org.testng.reporters.JUnitReportReporter -->
<testsuite hostname="shaily" failures="0" tests="3" name="com.genricMethod.StartServerStopAndLaunchApk" time="13.112" errors="0" timestamp="2022-11-13T13:38:36 EST" skipped="0">
  <testcase classname="com.genricMethod.StartServerStopAndLaunchApk" name="statrtServerhurray" time="1.790"/>
  <system-out/>
  <testcase classname="com.genricMethod.StartServerStopAndLaunchApk" name="launchApk_switchCase" time="11.261"/>
  <system-out/>
  <testcase classname="com.genricMethod.StartServerStopAndLaunchApk" name="stopServer" time="0.061"/>
  <system-out/>
</testsuite> <!-- com.genricMethod.StartServerStopAndLaunchApk -->
