<?xml version="1.0" encoding="UTF-8"?>
<!-- Generated by org.testng.reporters.JUnitReportReporter -->
<testsuite hostname="shaily" failures="0" tests="1" name="com.extentReport.ExtentObject" time="0.656" errors="0" timestamp="2022-11-09T09:41:00 EST" skipped="0">
  <testcase classname="com.extentReport.ExtentObject" name="testdemo" time="0.656"/>
  <system-out/>
</testsuite> <!-- com.extentReport.ExtentObject -->
